[debug] [2023-10-23T15:31:16.807Z] ----------------------------------------------------------------------
[debug] [2023-10-23T15:31:16.811Z] Command:       C:\Program Files\nodejs\node.exe C:\Users\91844\AppData\Roaming\npm\node_modules\firebase-tools\lib\bin\firebase.js init
[debug] [2023-10-23T15:31:16.812Z] CLI Version:   12.7.0
[debug] [2023-10-23T15:31:16.812Z] Platform:      win32
[debug] [2023-10-23T15:31:16.813Z] Node Version:  v18.18.1
[debug] [2023-10-23T15:31:16.814Z] Time:          Mon Oct 23 2023 21:01:16 GMT+0530 (India Standard Time)
[debug] [2023-10-23T15:31:16.814Z] ----------------------------------------------------------------------
[debug] 
[debug] [2023-10-23T15:31:16.964Z] > command requires scopes: ["email","openid","https://www.googleapis.com/auth/cloudplatformprojects.readonly","https://www.googleapis.com/auth/firebase","https://www.googleapis.com/auth/cloud-platform"]
[debug] [2023-10-23T15:31:16.965Z] > authorizing via signed-in user (inikiitak@gmail.com)
[info] 
     ######## #### ########  ######## ########     ###     ######  ########
     ##        ##  ##     ## ##       ##     ##  ##   ##  ##       ##
     ######    ##  ########  ######   ########  #########  ######  ######
     ##        ##  ##    ##  ##       ##     ## ##     ##       ## ##
     ##       #### ##     ## ######## ########  ##     ##  ######  ########

You're about to initialize a Firebase project in this directory:

  C:\Users\91844\OneDrive\Desktop\starting core website\startingcore\starting-core-website

Before we get started, keep in mind:

  * You are initializing within an existing Firebase project directory

[info] 
=== Project Setup
[info] 
[info] First, let's associate this project directory with a Firebase project.
[info] You can create multiple project aliases by running firebase use --add, 
[info] but for now we'll just set up a default project.
[info] 
[debug] [2023-10-23T15:31:33.238Z] Using project from CLI flag: starting-core-website
[debug] [2023-10-23T15:31:33.240Z] >>> [apiv2][query] GET https://firebase.googleapis.com/v1beta1/projects/starting-core-website [none]
[debug] [2023-10-23T15:31:34.274Z] <<< [apiv2][status] GET https://firebase.googleapis.com/v1beta1/projects/starting-core-website 200
[debug] [2023-10-23T15:31:34.274Z] <<< [apiv2][body] GET https://firebase.googleapis.com/v1beta1/projects/starting-core-website {"projectId":"starting-core-website","projectNumber":"146646122049","displayName":"starting-core-website","name":"projects/starting-core-website","resources":{"hostingSite":"starting-core-website"},"state":"ACTIVE","etag":"1_f44537b8-4944-4ed8-9a8a-3942b51adb44"}
[info] i  Using project starting-core-website (starting-core-website) 
[info] 
=== Hosting Setup
[info] 
[info] Your public directory is the folder (relative to your project directory) that
[info] will contain Hosting assets to be uploaded with firebase deploy. If you
[info] have a build process for your assets, use your build's output directory.
[info] 
[debug] [2023-10-23T15:31:53.662Z] >>> [apiv2][query] GET https://www.gstatic.com/firebasejs/releases.json [none]
[debug] [2023-10-23T15:31:53.970Z] <<< [apiv2][status] GET https://www.gstatic.com/firebasejs/releases.json 200
[debug] [2023-10-23T15:31:53.970Z] <<< [apiv2][body] GET https://www.gstatic.com/firebasejs/releases.json {"current":{"version":"10.5.0","browserURL":"https://www.gstatic.com/firebasejs/10.5.0/firebase.js","packageURL":"https://www.gstatic.com/firebasejs/10.5.0/firebase.tgz"},"live":{"version":"10.5","browserURL":"https://www.gstatic.com/firebasejs/live/10.5/firebase.js","packageURL":"https://www.gstatic.com/firebasejs/live/10.5/firebase.tgz"},"components":{"analytics":"https://www.gstatic.com/firebasejs/10.5.0/firebase-analytics.js","app":"https://www.gstatic.com/firebasejs/10.5.0/firebase-app.js","app-check":"https://www.gstatic.com/firebasejs/10.5.0/firebase-app-check.js","auth":"https://www.gstatic.com/firebasejs/10.5.0/firebase-auth.js","auth/cordova":"https://www.gstatic.com/firebasejs/10.5.0/firebase-auth/cordova.js","functions":"https://www.gstatic.com/firebasejs/10.5.0/firebase-functions.js","firestore":"https://www.gstatic.com/firebasejs/10.5.0/firebase-firestore.js","firestore/lite":"https://www.gstatic.com/firebasejs/10.5.0/firebase-firestore/lite.js","installations":"https://www.gstatic.com/firebasejs/10.5.0/firebase-installations.js","storage":"https://www.gstatic.com/firebasejs/10.5.0/firebase-storage.js","performance":"https://www.gstatic.com/firebasejs/10.5.0/firebase-performance.js","remote-config":"https://www.gstatic.com/firebasejs/10.5.0/firebase-remote-config.js","messaging":"https://www.gstatic.com/firebasejs/10.5.0/firebase-messaging.js","messaging/sw":"https://www.gstatic.com/firebasejs/10.5.0/firebase-messaging/sw.js","database":"https://www.gstatic.com/firebasejs/10.5.0/firebase-database.js","firestore.memory":"https://www.gstatic.com/firebasejs/10.5.0/firebase-firestore.memory.js"}}
[info] +  Wrote build/index.html 
[info] 
[info] i  Detected a .git folder at C:\Users\91844\OneDrive\Desktop\starting core website\startingcore\starting-core-website 
[info] i  Authorizing with GitHub to upload your service account to a GitHub repository's secrets store. 
[info] 
[info] Visit this URL on this device to log in:
[info] https://github.com/login/oauth/authorize?client_id=89cf50f02ac6aaed3484&state=994784446&redirect_uri=http%3A%2F%2Flocalhost%3A9005&scope=read%3Auser%20repo%20public_repo
[info] 
[info] Waiting for authentication...
[debug] [2023-10-23T15:32:14.839Z] ----------------------------------------------------------------------
[debug] [2023-10-23T15:32:14.845Z] Command:       C:\Program Files\nodejs\node.exe C:\Users\91844\AppData\Roaming\npm\node_modules\firebase-tools\lib\bin\firebase.js init
[debug] [2023-10-23T15:32:14.846Z] CLI Version:   12.7.0
[debug] [2023-10-23T15:32:14.846Z] Platform:      win32
[debug] [2023-10-23T15:32:14.847Z] Node Version:  v18.18.1
[debug] [2023-10-23T15:32:14.849Z] Time:          Mon Oct 23 2023 21:02:14 GMT+0530 (India Standard Time)
[debug] [2023-10-23T15:32:14.850Z] ----------------------------------------------------------------------
[debug] 
[debug] [2023-10-23T15:32:14.959Z] > command requires scopes: ["email","openid","https://www.googleapis.com/auth/cloudplatformprojects.readonly","https://www.googleapis.com/auth/firebase","https://www.googleapis.com/auth/cloud-platform"]
[debug] [2023-10-23T15:32:14.959Z] > authorizing via signed-in user (inikiitak@gmail.com)
[info] 
     ######## #### ########  ######## ########     ###     ######  ########
     ##        ##  ##     ## ##       ##     ##  ##   ##  ##       ##
     ######    ##  ########  ######   ########  #########  ######  ######
     ##        ##  ##    ##  ##       ##     ## ##     ##       ## ##
     ##       #### ##     ## ######## ########  ##     ##  ######  ########

You're about to initialize a Firebase project in this directory:

  C:\Users\91844\OneDrive\Desktop\starting core website\startingcore\starting-core-website

Before we get started, keep in mind:

  * You are initializing within an existing Firebase project directory

[info] 
=== Project Setup
[info] 
[info] First, let's associate this project directory with a Firebase project.
[info] You can create multiple project aliases by running firebase use --add, 
[info] but for now we'll just set up a default project.
[info] 
[debug] [2023-10-23T15:32:19.822Z] Using project from CLI flag: starting-core-website
[debug] [2023-10-23T15:32:19.824Z] >>> [apiv2][query] GET https://firebase.googleapis.com/v1beta1/projects/starting-core-website [none]
[debug] [2023-10-23T15:32:20.955Z] <<< [apiv2][status] GET https://firebase.googleapis.com/v1beta1/projects/starting-core-website 200
[debug] [2023-10-23T15:32:20.955Z] <<< [apiv2][body] GET https://firebase.googleapis.com/v1beta1/projects/starting-core-website {"projectId":"starting-core-website","projectNumber":"146646122049","displayName":"starting-core-website","name":"projects/starting-core-website","resources":{"hostingSite":"starting-core-website"},"state":"ACTIVE","etag":"1_f44537b8-4944-4ed8-9a8a-3942b51adb44"}
[info] i  Using project starting-core-website (starting-core-website) 
[info] 
=== Hosting Setup
[info] 
[info] Your public directory is the folder (relative to your project directory) that
[info] will contain Hosting assets to be uploaded with firebase deploy. If you
[info] have a build process for your assets, use your build's output directory.
[info] 
[debug] [2023-10-23T15:32:26.143Z] >>> [apiv2][query] GET https://www.gstatic.com/firebasejs/releases.json [none]
[debug] [2023-10-23T15:32:26.442Z] <<< [apiv2][status] GET https://www.gstatic.com/firebasejs/releases.json 200
[debug] [2023-10-23T15:32:26.442Z] <<< [apiv2][body] GET https://www.gstatic.com/firebasejs/releases.json {"current":{"version":"10.5.0","browserURL":"https://www.gstatic.com/firebasejs/10.5.0/firebase.js","packageURL":"https://www.gstatic.com/firebasejs/10.5.0/firebase.tgz"},"live":{"version":"10.5","browserURL":"https://www.gstatic.com/firebasejs/live/10.5/firebase.js","packageURL":"https://www.gstatic.com/firebasejs/live/10.5/firebase.tgz"},"components":{"analytics":"https://www.gstatic.com/firebasejs/10.5.0/firebase-analytics.js","app":"https://www.gstatic.com/firebasejs/10.5.0/firebase-app.js","app-check":"https://www.gstatic.com/firebasejs/10.5.0/firebase-app-check.js","auth":"https://www.gstatic.com/firebasejs/10.5.0/firebase-auth.js","auth/cordova":"https://www.gstatic.com/firebasejs/10.5.0/firebase-auth/cordova.js","functions":"https://www.gstatic.com/firebasejs/10.5.0/firebase-functions.js","firestore":"https://www.gstatic.com/firebasejs/10.5.0/firebase-firestore.js","firestore/lite":"https://www.gstatic.com/firebasejs/10.5.0/firebase-firestore/lite.js","installations":"https://www.gstatic.com/firebasejs/10.5.0/firebase-installations.js","storage":"https://www.gstatic.com/firebasejs/10.5.0/firebase-storage.js","performance":"https://www.gstatic.com/firebasejs/10.5.0/firebase-performance.js","remote-config":"https://www.gstatic.com/firebasejs/10.5.0/firebase-remote-config.js","messaging":"https://www.gstatic.com/firebasejs/10.5.0/firebase-messaging.js","messaging/sw":"https://www.gstatic.com/firebasejs/10.5.0/firebase-messaging/sw.js","database":"https://www.gstatic.com/firebasejs/10.5.0/firebase-database.js","firestore.memory":"https://www.gstatic.com/firebasejs/10.5.0/firebase-firestore.memory.js"}}
[info] i  Skipping write of build/index.html 
[info] 
[info] i  Writing configuration info to firebase.json... 
[info] i  Writing project information to .firebaserc... 
[info] 
[info] +  Firebase initialization complete! 
[debug] [2023-10-23T15:32:42.394Z] Error: Timed out.
    at Timeout._onTimeout (C:\Users\91844\AppData\Roaming\npm\node_modules\firebase-tools\lib\utils.js:254:49)
    at listOnTimeout (node:internal/timers:569:17)
    at process.processTimers (node:internal/timers:512:7)
[error] 
[error] Error: An unexpected error has occurred.
[debug] [2023-10-23T15:34:39.420Z] ----------------------------------------------------------------------
[debug] [2023-10-23T15:34:39.422Z] Command:       C:\Program Files\nodejs\node.exe C:\Users\91844\AppData\Roaming\npm\node_modules\firebase-tools\lib\bin\firebase.js deploy
[debug] [2023-10-23T15:34:39.423Z] CLI Version:   12.7.0
[debug] [2023-10-23T15:34:39.423Z] Platform:      win32
[debug] [2023-10-23T15:34:39.423Z] Node Version:  v18.18.1
[debug] [2023-10-23T15:34:39.424Z] Time:          Mon Oct 23 2023 21:04:39 GMT+0530 (India Standard Time)
[debug] [2023-10-23T15:34:39.424Z] ----------------------------------------------------------------------
[debug] 
[debug] [2023-10-23T15:34:39.513Z] > command requires scopes: ["email","openid","https://www.googleapis.com/auth/cloudplatformprojects.readonly","https://www.googleapis.com/auth/firebase","https://www.googleapis.com/auth/cloud-platform"]
[debug] [2023-10-23T15:34:39.513Z] > authorizing via signed-in user (inikiitak@gmail.com)
[debug] [2023-10-23T15:34:39.513Z] [iam] checking project starting-core-website for permissions ["firebase.projects.get","firebasehosting.sites.update"]
[debug] [2023-10-23T15:34:39.515Z] >>> [apiv2][query] POST https://cloudresourcemanager.googleapis.com/v1/projects/starting-core-website:testIamPermissions [none]
[debug] [2023-10-23T15:34:39.515Z] >>> [apiv2][(partial)header] POST https://cloudresourcemanager.googleapis.com/v1/projects/starting-core-website:testIamPermissions x-goog-quota-user=projects/starting-core-website
[debug] [2023-10-23T15:34:39.516Z] >>> [apiv2][body] POST https://cloudresourcemanager.googleapis.com/v1/projects/starting-core-website:testIamPermissions {"permissions":["firebase.projects.get","firebasehosting.sites.update"]}
[debug] [2023-10-23T15:34:41.434Z] <<< [apiv2][status] POST https://cloudresourcemanager.googleapis.com/v1/projects/starting-core-website:testIamPermissions 200
[debug] [2023-10-23T15:34:41.434Z] <<< [apiv2][body] POST https://cloudresourcemanager.googleapis.com/v1/projects/starting-core-website:testIamPermissions {"permissions":["firebase.projects.get","firebasehosting.sites.update"]}
[debug] [2023-10-23T15:34:41.435Z] >>> [apiv2][query] GET https://firebase.googleapis.com/v1beta1/projects/starting-core-website [none]
[debug] [2023-10-23T15:34:42.453Z] <<< [apiv2][status] GET https://firebase.googleapis.com/v1beta1/projects/starting-core-website 200
[debug] [2023-10-23T15:34:42.454Z] <<< [apiv2][body] GET https://firebase.googleapis.com/v1beta1/projects/starting-core-website {"projectId":"starting-core-website","projectNumber":"146646122049","displayName":"starting-core-website","name":"projects/starting-core-website","resources":{"hostingSite":"starting-core-website"},"state":"ACTIVE","etag":"1_f44537b8-4944-4ed8-9a8a-3942b51adb44"}
[info] 
[info] === Deploying to 'starting-core-website'...
[info] 
[info] i  deploying hosting 
[debug] [2023-10-23T15:34:42.462Z] >>> [apiv2][query] POST https://firebasehosting.googleapis.com/v1beta1/projects/-/sites/starting-core-website/versions [none]
[debug] [2023-10-23T15:34:42.462Z] >>> [apiv2][body] POST https://firebasehosting.googleapis.com/v1beta1/projects/-/sites/starting-core-website/versions {"status":"CREATED","labels":{"deployment-tool":"cli-firebase"}}
[debug] [2023-10-23T15:34:44.297Z] <<< [apiv2][status] POST https://firebasehosting.googleapis.com/v1beta1/projects/-/sites/starting-core-website/versions 200
[debug] [2023-10-23T15:34:44.297Z] <<< [apiv2][body] POST https://firebasehosting.googleapis.com/v1beta1/projects/-/sites/starting-core-website/versions {"name":"projects/146646122049/sites/starting-core-website/versions/c5350e0848999cb0","status":"CREATED","config":{},"labels":{"deployment-tool":"cli-firebase"}}
[info] i  hosting[starting-core-website]: beginning deploy... 
[info] i  hosting[starting-core-website]: found 87 files in build 
[debug] [2023-10-23T15:35:03.534Z] [hosting] uploading with 200 concurrency
[debug] [2023-10-23T15:35:04.242Z] [hosting] hash cache [YnVpbGQ] stored for 87 files
[debug] [2023-10-23T15:35:04.242Z] [hosting][hash queue][FINAL] {"max":598,"min":28,"avg":103.44827586206893,"active":0,"complete":87,"success":87,"errored":0,"retried":0,"total":87,"elapsed":701}
[debug] [2023-10-23T15:35:04.244Z] >>> [apiv2][query] POST https://firebasehosting.googleapis.com/v1beta1/projects/146646122049/sites/starting-core-website/versions/c5350e0848999cb0:populateFiles [none]
[debug] [2023-10-23T15:35:04.244Z] >>> [apiv2][body] POST https://firebasehosting.googleapis.com/v1beta1/projects/146646122049/sites/starting-core-website/versions/c5350e0848999cb0:populateFiles {"files":{"/asset-manifest.json":"4a2c7157ae3d21c58bfffc7a7a33a37fa2665199c1d4f347b4ccd414a883f180","/robots.txt":"b2090cf9761ef60aa06e4fab97679bd43dfa5e5df073701ead5879d7c68f1ec5","/precache-manifest.c6e18859f88751cc905303e368747cf8.js":"d753d984f70a9a9ef422cf6762c1c0a91ee8754dd9b832e33d7689cb2976f409","/manifest.json":"4babfbee8b1b7eda7b38461e2360ece65d5ade751f5755791371a3f51751227f","/_redirects":"d2852673ebc4f64ad8cd5a583a5bd5c10830588cc12e3aa8423fac474b78713d","/index.html":"1d0cbc080d83f28f0fb711989d4c49883c695076007d963770963b0e2a2ba6e0","/service-worker.js":"6b1ac278bf0812b3245367c6272cb9eb6119928c4a8cd7c12369c7378db2f004","/images/ArrowCircleDown.png":"9ef0e176c326d4b39c212121128ca73ac5cac8b15fb5473346e7eb2b8f4de4a8","/images/ArrowCircleup(1).png":"436f01ab3312b47fea22263900cdd1cc9a88e1782d8d00b22d2b93b4070e622e","/images/Aluminium Frame.png":"6a1d85ee1a26b5fb37e05de18bfc0c7f6976395ee92728d364a6e4f37dab179f","/images/basil_gmail-outline.png":"f6d28883d936f85b84d4fb28401fa3f8bda86d31e4c30606f08ac95089010b7a","/images/down.png":"f6b2432fcf23a17ad218badd0542ba6838cbdf3d5466b7c6afb7caa1adaa50b6","/images/FacebookLogo.png":"6d3296c2c1db1f0f622901d3ecf074205c8f73bb702cbc6999c8e5efc6df3900","/images/icons8-double-quotes-30.png":"ce2ab2ff37f1ad3247ccf3a51bbb70c15bd27ba2459057487c43aadb8f58db79","/images/lab.png":"69ad93587b321f88c27010c5a9614fb4f461dbd6b4f85a3049f7d8ceac3fe474","/images/InstagramLogo.png":"d6d00e90ce8ad62c6365bd5649b8bd6fa06812eefc623c7a8b000ebbf5a60fd0","/images/LinkedinLogo.png":"e74c256f426c8d15bf566556705c58a8b82fe437864c304ab0d2e8641e74d441","/images/mans.png":"b81146ea48413949c07fd3382fa463bb0e2fcb795e6536469e5970bc950551de","/images/ourframe.png":"cc80fef375b0ef2f27ab93cd0942a9067ed66f730b65587d03546dda36943dae","/images/ourteam.png":"8d59d014c746669feb70ed692e5bda7f5bea85b11fa7706413d3a5d091991d94","/core.png":"a7040a06ed74c235d9cdde6c57a044825314270263973ea1a0979795ada7cb2f","/images/-3.png":"848022e065b30baf7d56889649f0e92692a6ab93dbb9ffd4dbe8843be0211628","/images/core.png":"a7040a06ed74c235d9cdde6c57a044825314270263973ea1a0979795ada7cb2f","/images/banner2.jpg":"e2f32b4d721c548335a9fb4d81da4493f0d42d5fb338649e13411098b5d1f790","/images/men Image.png":"ee93958010cde243d2dfcc2886bb57dd0d19d141e16d86ef056bc5c3df8680cd","/images/Frame 1396.png":"94101931546cb9100244643679cd00fe938cf2392b21c22939112e62b7ebcf79","/images/hero.png":"7694b4cbebac6e481a18dcf1b06e79417151e3c4f7e75bef8a23647a2dd7d7df","/images/Img1.png":"29228fc28b7b18e4be8e1ce0f380ba06762244480e205e7b33b6069490cfeaf9","/images/laptop2.png":"f9a71440d36beaa39132726856f9e8a5f0251e3fe945f9ceffa0ef4dc787ea94","/images/ngo.png":"51640b28db89d06afabb99dc641de5ac6672de934135eacbcb389a0e6896adaa","/images/-1.png":"f22c4da5b81e18c782ff8239f037396cdda57e52b487f082dab0e021cc87a62c","/images/Star 2.png":"bae1d185a54b9b3afa33191a5e61c76cab847183d333034dfb7b3904b07768b3","/images/starting core 1.png":"da75737df7218d30593c68657bce8f68d8ac5446c439cfa8ff9670da9736e1dd","/images/Texture.png":"424101c06f9a22ba74bfea8d3e53c47eaef59e0fcc640572252830a39466d018","/images/Vector (1).png":"f6b2432fcf23a17ad218badd0542ba6838cbdf3d5466b7c6afb7caa1adaa50b6","/images/thumb.png":"0a5c3e1153cb23f3a0494fde9e3150b3a28724b96ebe995cbd0b4ea1a8ff59c0","/images/Vector 7.png":"6be63fb73b881d5e37572a767946058ab48a0e53eb5db46bd4d2afc68358763a","/images/Vector.svg":"80a898f2b093ff04206a91e9a042434deac5850456a0978e8250e13016f35591","/images/Vector1.png":"14140b04c7e450bc7873687997c17c4b05e671daaef8d412b9c56a0ef496b142","/images/Vector2.png":"313d187e61141e25f7a350bd70ebd87cd625ea4a03927272dc639f62270321d1","/images/Vector3.png":"1320e6b1d59d57e89551cbf7371e9ee14cc26fcf8901bbc25907555a8f8678d5","/images/telephone.png":"ee5385aefa2b317943b67a0814b7659d25e10a16e3549142e1de55c699fe17a7","/images/XCircle.png":"9fe6d7ad75aad5db1852227d30e45b82b5a218c4ed9f06d82536ce16295e1997","/static/css/2.a6aa4b9f.chunk.css":"3931097f4f3955c36e79c3feda4a05cade1efc85e3121a76229e478e1eeefcae","/static/css/2.a6aa4b9f.chunk.css.map":"d1803005b6fea3a2e71b4f492437029b9c586993fbb6a1ee76592cbdc66669cd","/static/css/main.5222ba58.chunk.css":"0e310547722439c35c31be77dc549fcc03c87fa0d54a8d94b056ebcd0a161dba","/images/slide-5.jpg":"e2f32b4d721c548335a9fb4d81da4493f0d42d5fb338649e13411098b5d1f790","/static/js/1.ed197c0f.chunk.js":"1a2bfbb51cb6944d939307001650f059efcb78d481156dbe9e150ea5cfddd0f8","/static/js/1.ed197c0f.chunk.js.map":"051e0a4876e1ede24a49007a32bfc586b691696a253fd9c366e2a7272d0fd468","/images/grafikstash 2.png":"f55b547c15376fac6c82b876a83320419881951930292138107347dec66b2ff9","/static/js/main.f9db3d63.chunk.js":"788c47e1be98ed1a3b7294ade07a15bde7bdc2824cd91a424970552084cdcb24","/images/client1.png":"9228b65a9a177923453e7c449ee1a85816434295fb44e1acf666610e80f7de39","/static/js/runtime~main.0987ad04.js":"a3800893b5148e122c501c2dc4337cd3ce70abf91479dcefabe2c7024d453f27","/static/js/runtime~main.0987ad04.js.map":"83fcc5aa408cd1a623d7221f770b25f25c188553c16333f84ddb6c892db0cf25","/images/waves.png":"f430a9213c96b0275117005fd56316ae8d8bb7a656897cabe424117195294da4","/static/media/instagram.ad9fd5ea.png":"b4f62644c5454326b9deb1a84f3ccf607cdacb7b6efdc7883aef851a6240dd89","/images/Macbook Pro.png":"32bd4106c0994816036a615eb2fc473c9a2b451bdd8896457b328b04e8e28d0a","/images/founder.png":"29e5c293545d4b39530fc1a032cfcd0b7ed9407bf312738e8655557fc1653722","/static/js/main.f9db3d63.chunk.js.map":"0d0b9de15388489f721b6866c0a54cff9eaf1515f9e43b98041b18aa1cc42828","/static/media/linkedin.d604727c.png":"70800309140bb1850ab493a719ee61a31040e5037b0312e779dd75e5b3519c7c","/images/mid.png":"8d61def12a7a86f38ee96eb43400faace5ddbde9a2621892dfa053eb6bd4f1b6","/static/media/phone.481d0267.png":"fe9c4a8a0bb8b1a54f62f17b09c19af42c5ee6d475e7da3b5e9e8e745842e1fc","/images/mohit.png":"f147bb3c3fb21b27807781ed029cecd15486e9659badda4d3f87fb582242f5ed","/static/media/Saudagar.966095a7.ttf":"1713e057e2b85a494da76440b9972c0b84cdbf334d541c0048f6d0dba968d6b7","/static/media/email.b5077b1c.png":"27ee1494cc8ca8786e51e9e6ad21e17fae1de48478ab7ace6ae91f0250d9b734","/static/media/time-left.c34743db.png":"546b618dd9b63c9b841864e8224603d0f75374f7d95706d6785e06df4be7b184","/images/app-dev.png":"0186293e8c165989d2c53757472da23e6becbb94e4bdc9ef806e03323804a542","/images/client3.png":"97af9e95204c10cdc9ab5f2ae8fa88294844961bb2b04905439f400763ba9dd3","/static/media/location.5bd251b0.png":"e9a57c83565fa819343c9b4c00ed9966e0ce4d0665221e9ae690ce1f7fb85484","/images/slide-1.jpg":"fbc40659abbfcb9737f81886bae88b45d8cd2f9072390b66d75283279ef0fd6a","/static/css/main.5222ba58.chunk.css.map":"59cc10102261402a723b849d50e2c9c19f0fae8b46a21d5964439033666b39a8","/images/graphic-img.png":"b086aa105523f64f5ec153f5a30b877ed28638d17e3c771a86d95bf72f68f244","/images/slide-3.jpg":"292bd8bdd30346360d5c5fe8e2edd4c39d146e9ec5c739c910f445cf8db05f1c","/images/uiux 1.png":"a23f4577949acb15bd19e15ef91a5c789f0fa4d74c877725a07ec4147b72de86","/images/uiux 2.png":"0b9c33cae7c930b2316b7d0bf4de4dd8f7b0a24c6859433ec23182250bd0f855","/images/slide-2.jpg":"76a695184f0faf10328dfde79452e120755a6ffae4177f038afbb9ae502fa07f","/images/laptop.png":"af1792cff08b8b85ad3bfd938e49fefd34f4395ce43dc0716e115d95540d69eb","/images/grafikstash.png":"ca795b14f7c1831966474be526f3ba1b6c36aedb147018f462b2eec17d53fc0f","/images/Mobile1.png":"cd7510b38bc2b9031b202ddb48f8e66e7ea2c7cc429853b924f22a75d903a3df","/static/js/2.bedd53df.chunk.js":"b9b9a5371c3fb9fca0ca596a6ad588c182d7c105452cb3cf9af06b0092c3e53a","/images/shape.png":"7bff06cd160c57bae0eaab9cc0e349074f206d1c054d45fc1b78d44e19f96bc0","/static/media/Laptop.1281e250.png":"af1792cff08b8b85ad3bfd938e49fefd34f4395ce43dc0716e115d95540d69eb","/images/slide-4.jpg":"e7224f92822a6e3a3b51e78fd224ca1462ab4575e43e953c1f8e1b3ff3adbdce","/static/media/Mobile1.32bd47df.png":"cd7510b38bc2b9031b202ddb48f8e66e7ea2c7cc429853b924f22a75d903a3df","/images/Mobile2.png":"b45d6f747d1e9ec1612038885969fa297afbdfb0062492b4591a9b77d55ad5be","/images/example.png":"b54e7ce5a0e6c334314776c4136a7275c4320c700ff8523c26747c3048f99901","/static/js/2.bedd53df.chunk.js.map":"fb972e3bf4ca2aa1b14b332f69410f12e1b4458b05d0132433f6b9f666118381"}}
[debug] [2023-10-23T15:35:06.008Z] <<< [apiv2][status] POST https://firebasehosting.googleapis.com/v1beta1/projects/146646122049/sites/starting-core-website/versions/c5350e0848999cb0:populateFiles 200
[debug] [2023-10-23T15:35:06.008Z] <<< [apiv2][body] POST https://firebasehosting.googleapis.com/v1beta1/projects/146646122049/sites/starting-core-website/versions/c5350e0848999cb0:populateFiles {"uploadRequiredHashes":["83fcc5aa408cd1a623d7221f770b25f25c188553c16333f84ddb6c892db0cf25","1d0cbc080d83f28f0fb711989d4c49883c695076007d963770963b0e2a2ba6e0","fb972e3bf4ca2aa1b14b332f69410f12e1b4458b05d0132433f6b9f666118381","9228b65a9a177923453e7c449ee1a85816434295fb44e1acf666610e80f7de39","d753d984f70a9a9ef422cf6762c1c0a91ee8754dd9b832e33d7689cb2976f409","0e310547722439c35c31be77dc549fcc03c87fa0d54a8d94b056ebcd0a161dba","94101931546cb9100244643679cd00fe938cf2392b21c22939112e62b7ebcf79","59cc10102261402a723b849d50e2c9c19f0fae8b46a21d5964439033666b39a8","b9b9a5371c3fb9fca0ca596a6ad588c182d7c105452cb3cf9af06b0092c3e53a","4a2c7157ae3d21c58bfffc7a7a33a37fa2665199c1d4f347b4ccd414a883f180","1a2bfbb51cb6944d939307001650f059efcb78d481156dbe9e150ea5cfddd0f8","a3800893b5148e122c501c2dc4337cd3ce70abf91479dcefabe2c7024d453f27","97af9e95204c10cdc9ab5f2ae8fa88294844961bb2b04905439f400763ba9dd3","d1803005b6fea3a2e71b4f492437029b9c586993fbb6a1ee76592cbdc66669cd","6b1ac278bf0812b3245367c6272cb9eb6119928c4a8cd7c12369c7378db2f004","3931097f4f3955c36e79c3feda4a05cade1efc85e3121a76229e478e1eeefcae","051e0a4876e1ede24a49007a32bfc586b691696a253fd9c366e2a7272d0fd468","b81146ea48413949c07fd3382fa463bb0e2fcb795e6536469e5970bc950551de","788c47e1be98ed1a3b7294ade07a15bde7bdc2824cd91a424970552084cdcb24","51640b28db89d06afabb99dc641de5ac6672de934135eacbcb389a0e6896adaa","0d0b9de15388489f721b6866c0a54cff9eaf1515f9e43b98041b18aa1cc42828","ce2ab2ff37f1ad3247ccf3a51bbb70c15bd27ba2459057487c43aadb8f58db79","29e5c293545d4b39530fc1a032cfcd0b7ed9407bf312738e8655557fc1653722"],"uploadUrl":"https://upload-firebasehosting.googleapis.com/upload/sites/starting-core-website/versions/c5350e0848999cb0/files"}
[debug] [2023-10-23T15:35:06.012Z] >>> [apiv2][query] POST https://upload-firebasehosting.googleapis.com/upload/sites/starting-core-website/versions/c5350e0848999cb0/files/83fcc5aa408cd1a623d7221f770b25f25c188553c16333f84ddb6c892db0cf25 [none]
[debug] [2023-10-23T15:35:06.012Z] >>> [apiv2][body] POST https://upload-firebasehosting.googleapis.com/upload/sites/starting-core-website/versions/c5350e0848999cb0/files/83fcc5aa408cd1a623d7221f770b25f25c188553c16333f84ddb6c892db0cf25 [stream]
[debug] [2023-10-23T15:35:06.014Z] >>> [apiv2][query] POST https://upload-firebasehosting.googleapis.com/upload/sites/starting-core-website/versions/c5350e0848999cb0/files/1d0cbc080d83f28f0fb711989d4c49883c695076007d963770963b0e2a2ba6e0 [none]
[debug] [2023-10-23T15:35:06.014Z] >>> [apiv2][body] POST https://upload-firebasehosting.googleapis.com/upload/sites/starting-core-website/versions/c5350e0848999cb0/files/1d0cbc080d83f28f0fb711989d4c49883c695076007d963770963b0e2a2ba6e0 [stream]
[debug] [2023-10-23T15:35:06.015Z] >>> [apiv2][query] POST https://upload-firebasehosting.googleapis.com/upload/sites/starting-core-website/versions/c5350e0848999cb0/files/fb972e3bf4ca2aa1b14b332f69410f12e1b4458b05d0132433f6b9f666118381 [none]
[debug] [2023-10-23T15:35:06.015Z] >>> [apiv2][body] POST https://upload-firebasehosting.googleapis.com/upload/sites/starting-core-website/versions/c5350e0848999cb0/files/fb972e3bf4ca2aa1b14b332f69410f12e1b4458b05d0132433f6b9f666118381 [stream]
[debug] [2023-10-23T15:35:06.016Z] >>> [apiv2][query] POST https://upload-firebasehosting.googleapis.com/upload/sites/starting-core-website/versions/c5350e0848999cb0/files/9228b65a9a177923453e7c449ee1a85816434295fb44e1acf666610e80f7de39 [none]
[debug] [2023-10-23T15:35:06.016Z] >>> [apiv2][body] POST https://upload-firebasehosting.googleapis.com/upload/sites/starting-core-website/versions/c5350e0848999cb0/files/9228b65a9a177923453e7c449ee1a85816434295fb44e1acf666610e80f7de39 [stream]
[debug] [2023-10-23T15:35:06.017Z] >>> [apiv2][query] POST https://upload-firebasehosting.googleapis.com/upload/sites/starting-core-website/versions/c5350e0848999cb0/files/d753d984f70a9a9ef422cf6762c1c0a91ee8754dd9b832e33d7689cb2976f409 [none]
[debug] [2023-10-23T15:35:06.017Z] >>> [apiv2][body] POST https://upload-firebasehosting.googleapis.com/upload/sites/starting-core-website/versions/c5350e0848999cb0/files/d753d984f70a9a9ef422cf6762c1c0a91ee8754dd9b832e33d7689cb2976f409 [stream]
[debug] [2023-10-23T15:35:06.018Z] >>> [apiv2][query] POST https://upload-firebasehosting.googleapis.com/upload/sites/starting-core-website/versions/c5350e0848999cb0/files/0e310547722439c35c31be77dc549fcc03c87fa0d54a8d94b056ebcd0a161dba [none]
[debug] [2023-10-23T15:35:06.018Z] >>> [apiv2][body] POST https://upload-firebasehosting.googleapis.com/upload/sites/starting-core-website/versions/c5350e0848999cb0/files/0e310547722439c35c31be77dc549fcc03c87fa0d54a8d94b056ebcd0a161dba [stream]
[debug] [2023-10-23T15:35:06.019Z] >>> [apiv2][query] POST https://upload-firebasehosting.googleapis.com/upload/sites/starting-core-website/versions/c5350e0848999cb0/files/94101931546cb9100244643679cd00fe938cf2392b21c22939112e62b7ebcf79 [none]
[debug] [2023-10-23T15:35:06.019Z] >>> [apiv2][body] POST https://upload-firebasehosting.googleapis.com/upload/sites/starting-core-website/versions/c5350e0848999cb0/files/94101931546cb9100244643679cd00fe938cf2392b21c22939112e62b7ebcf79 [stream]
[debug] [2023-10-23T15:35:06.019Z] >>> [apiv2][query] POST https://upload-firebasehosting.googleapis.com/upload/sites/starting-core-website/versions/c5350e0848999cb0/files/59cc10102261402a723b849d50e2c9c19f0fae8b46a21d5964439033666b39a8 [none]
[debug] [2023-10-23T15:35:06.019Z] >>> [apiv2][body] POST https://upload-firebasehosting.googleapis.com/upload/sites/starting-core-website/versions/c5350e0848999cb0/files/59cc10102261402a723b849d50e2c9c19f0fae8b46a21d5964439033666b39a8 [stream]
[debug] [2023-10-23T15:35:06.020Z] >>> [apiv2][query] POST https://upload-firebasehosting.googleapis.com/upload/sites/starting-core-website/versions/c5350e0848999cb0/files/b9b9a5371c3fb9fca0ca596a6ad588c182d7c105452cb3cf9af06b0092c3e53a [none]
[debug] [2023-10-23T15:35:06.021Z] >>> [apiv2][body] POST https://upload-firebasehosting.googleapis.com/upload/sites/starting-core-website/versions/c5350e0848999cb0/files/b9b9a5371c3fb9fca0ca596a6ad588c182d7c105452cb3cf9af06b0092c3e53a [stream]
[debug] [2023-10-23T15:35:06.022Z] >>> [apiv2][query] POST https://upload-firebasehosting.googleapis.com/upload/sites/starting-core-website/versions/c5350e0848999cb0/files/4a2c7157ae3d21c58bfffc7a7a33a37fa2665199c1d4f347b4ccd414a883f180 [none]
[debug] [2023-10-23T15:35:06.022Z] >>> [apiv2][body] POST https://upload-firebasehosting.googleapis.com/upload/sites/starting-core-website/versions/c5350e0848999cb0/files/4a2c7157ae3d21c58bfffc7a7a33a37fa2665199c1d4f347b4ccd414a883f180 [stream]
[debug] [2023-10-23T15:35:06.024Z] >>> [apiv2][query] POST https://upload-firebasehosting.googleapis.com/upload/sites/starting-core-website/versions/c5350e0848999cb0/files/1a2bfbb51cb6944d939307001650f059efcb78d481156dbe9e150ea5cfddd0f8 [none]
[debug] [2023-10-23T15:35:06.024Z] >>> [apiv2][body] POST https://upload-firebasehosting.googleapis.com/upload/sites/starting-core-website/versions/c5350e0848999cb0/files/1a2bfbb51cb6944d939307001650f059efcb78d481156dbe9e150ea5cfddd0f8 [stream]
[debug] [2023-10-23T15:35:06.025Z] >>> [apiv2][query] POST https://upload-firebasehosting.googleapis.com/upload/sites/starting-core-website/versions/c5350e0848999cb0/files/a3800893b5148e122c501c2dc4337cd3ce70abf91479dcefabe2c7024d453f27 [none]
[debug] [2023-10-23T15:35:06.025Z] >>> [apiv2][body] POST https://upload-firebasehosting.googleapis.com/upload/sites/starting-core-website/versions/c5350e0848999cb0/files/a3800893b5148e122c501c2dc4337cd3ce70abf91479dcefabe2c7024d453f27 [stream]
[debug] [2023-10-23T15:35:06.027Z] >>> [apiv2][query] POST https://upload-firebasehosting.googleapis.com/upload/sites/starting-core-website/versions/c5350e0848999cb0/files/97af9e95204c10cdc9ab5f2ae8fa88294844961bb2b04905439f400763ba9dd3 [none]
[debug] [2023-10-23T15:35:06.027Z] >>> [apiv2][body] POST https://upload-firebasehosting.googleapis.com/upload/sites/starting-core-website/versions/c5350e0848999cb0/files/97af9e95204c10cdc9ab5f2ae8fa88294844961bb2b04905439f400763ba9dd3 [stream]
[debug] [2023-10-23T15:35:06.029Z] >>> [apiv2][query] POST https://upload-firebasehosting.googleapis.com/upload/sites/starting-core-website/versions/c5350e0848999cb0/files/d1803005b6fea3a2e71b4f492437029b9c586993fbb6a1ee76592cbdc66669cd [none]
[debug] [2023-10-23T15:35:06.029Z] >>> [apiv2][body] POST https://upload-firebasehosting.googleapis.com/upload/sites/starting-core-website/versions/c5350e0848999cb0/files/d1803005b6fea3a2e71b4f492437029b9c586993fbb6a1ee76592cbdc66669cd [stream]
[debug] [2023-10-23T15:35:06.031Z] >>> [apiv2][query] POST https://upload-firebasehosting.googleapis.com/upload/sites/starting-core-website/versions/c5350e0848999cb0/files/6b1ac278bf0812b3245367c6272cb9eb6119928c4a8cd7c12369c7378db2f004 [none]
[debug] [2023-10-23T15:35:06.031Z] >>> [apiv2][body] POST https://upload-firebasehosting.googleapis.com/upload/sites/starting-core-website/versions/c5350e0848999cb0/files/6b1ac278bf0812b3245367c6272cb9eb6119928c4a8cd7c12369c7378db2f004 [stream]
[debug] [2023-10-23T15:35:06.033Z] >>> [apiv2][query] POST https://upload-firebasehosting.googleapis.com/upload/sites/starting-core-website/versions/c5350e0848999cb0/files/3931097f4f3955c36e79c3feda4a05cade1efc85e3121a76229e478e1eeefcae [none]
[debug] [2023-10-23T15:35:06.033Z] >>> [apiv2][body] POST https://upload-firebasehosting.googleapis.com/upload/sites/starting-core-website/versions/c5350e0848999cb0/files/3931097f4f3955c36e79c3feda4a05cade1efc85e3121a76229e478e1eeefcae [stream]
[debug] [2023-10-23T15:35:06.034Z] >>> [apiv2][query] POST https://upload-firebasehosting.googleapis.com/upload/sites/starting-core-website/versions/c5350e0848999cb0/files/051e0a4876e1ede24a49007a32bfc586b691696a253fd9c366e2a7272d0fd468 [none]
[debug] [2023-10-23T15:35:06.034Z] >>> [apiv2][body] POST https://upload-firebasehosting.googleapis.com/upload/sites/starting-core-website/versions/c5350e0848999cb0/files/051e0a4876e1ede24a49007a32bfc586b691696a253fd9c366e2a7272d0fd468 [stream]
[debug] [2023-10-23T15:35:06.035Z] >>> [apiv2][query] POST https://upload-firebasehosting.googleapis.com/upload/sites/starting-core-website/versions/c5350e0848999cb0/files/b81146ea48413949c07fd3382fa463bb0e2fcb795e6536469e5970bc950551de [none]
[debug] [2023-10-23T15:35:06.035Z] >>> [apiv2][body] POST https://upload-firebasehosting.googleapis.com/upload/sites/starting-core-website/versions/c5350e0848999cb0/files/b81146ea48413949c07fd3382fa463bb0e2fcb795e6536469e5970bc950551de [stream]
[debug] [2023-10-23T15:35:06.036Z] >>> [apiv2][query] POST https://upload-firebasehosting.googleapis.com/upload/sites/starting-core-website/versions/c5350e0848999cb0/files/788c47e1be98ed1a3b7294ade07a15bde7bdc2824cd91a424970552084cdcb24 [none]
[debug] [2023-10-23T15:35:06.036Z] >>> [apiv2][body] POST https://upload-firebasehosting.googleapis.com/upload/sites/starting-core-website/versions/c5350e0848999cb0/files/788c47e1be98ed1a3b7294ade07a15bde7bdc2824cd91a424970552084cdcb24 [stream]
[debug] [2023-10-23T15:35:06.037Z] >>> [apiv2][query] POST https://upload-firebasehosting.googleapis.com/upload/sites/starting-core-website/versions/c5350e0848999cb0/files/51640b28db89d06afabb99dc641de5ac6672de934135eacbcb389a0e6896adaa [none]
[debug] [2023-10-23T15:35:06.038Z] >>> [apiv2][body] POST https://upload-firebasehosting.googleapis.com/upload/sites/starting-core-website/versions/c5350e0848999cb0/files/51640b28db89d06afabb99dc641de5ac6672de934135eacbcb389a0e6896adaa [stream]
[debug] [2023-10-23T15:35:06.039Z] >>> [apiv2][query] POST https://upload-firebasehosting.googleapis.com/upload/sites/starting-core-website/versions/c5350e0848999cb0/files/0d0b9de15388489f721b6866c0a54cff9eaf1515f9e43b98041b18aa1cc42828 [none]
[debug] [2023-10-23T15:35:06.040Z] >>> [apiv2][body] POST https://upload-firebasehosting.googleapis.com/upload/sites/starting-core-website/versions/c5350e0848999cb0/files/0d0b9de15388489f721b6866c0a54cff9eaf1515f9e43b98041b18aa1cc42828 [stream]
[debug] [2023-10-23T15:35:06.042Z] >>> [apiv2][query] POST https://upload-firebasehosting.googleapis.com/upload/sites/starting-core-website/versions/c5350e0848999cb0/files/ce2ab2ff37f1ad3247ccf3a51bbb70c15bd27ba2459057487c43aadb8f58db79 [none]
[debug] [2023-10-23T15:35:06.043Z] >>> [apiv2][body] POST https://upload-firebasehosting.googleapis.com/upload/sites/starting-core-website/versions/c5350e0848999cb0/files/ce2ab2ff37f1ad3247ccf3a51bbb70c15bd27ba2459057487c43aadb8f58db79 [stream]
[debug] [2023-10-23T15:35:06.046Z] >>> [apiv2][query] POST https://upload-firebasehosting.googleapis.com/upload/sites/starting-core-website/versions/c5350e0848999cb0/files/29e5c293545d4b39530fc1a032cfcd0b7ed9407bf312738e8655557fc1653722 [none]
[debug] [2023-10-23T15:35:06.046Z] >>> [apiv2][body] POST https://upload-firebasehosting.googleapis.com/upload/sites/starting-core-website/versions/c5350e0848999cb0/files/29e5c293545d4b39530fc1a032cfcd0b7ed9407bf312738e8655557fc1653722 [stream]
[debug] [2023-10-23T15:35:06.048Z] [hosting][populate queue][FINAL] {"max":1773,"min":1773,"avg":1773,"active":0,"complete":1,"success":1,"errored":0,"retried":0,"total":1,"elapsed":1809}
[debug] [2023-10-23T15:35:06.048Z] [hosting] uploads queued: 23
[debug] [2023-10-23T15:35:08.155Z] <<< [apiv2][status] POST https://upload-firebasehosting.googleapis.com/upload/sites/starting-core-website/versions/c5350e0848999cb0/files/83fcc5aa408cd1a623d7221f770b25f25c188553c16333f84ddb6c892db0cf25 200
[debug] [2023-10-23T15:35:08.155Z] <<< [apiv2][body] POST https://upload-firebasehosting.googleapis.com/upload/sites/starting-core-website/versions/c5350e0848999cb0/files/83fcc5aa408cd1a623d7221f770b25f25c188553c16333f84ddb6c892db0cf25 [stream]
[debug] [2023-10-23T15:35:08.239Z] <<< [apiv2][status] POST https://upload-firebasehosting.googleapis.com/upload/sites/starting-core-website/versions/c5350e0848999cb0/files/0e310547722439c35c31be77dc549fcc03c87fa0d54a8d94b056ebcd0a161dba 200
[debug] [2023-10-23T15:35:08.240Z] <<< [apiv2][body] POST https://upload-firebasehosting.googleapis.com/upload/sites/starting-core-website/versions/c5350e0848999cb0/files/0e310547722439c35c31be77dc549fcc03c87fa0d54a8d94b056ebcd0a161dba [stream]
[debug] [2023-10-23T15:35:08.377Z] <<< [apiv2][status] POST https://upload-firebasehosting.googleapis.com/upload/sites/starting-core-website/versions/c5350e0848999cb0/files/1d0cbc080d83f28f0fb711989d4c49883c695076007d963770963b0e2a2ba6e0 200
[debug] [2023-10-23T15:35:08.377Z] <<< [apiv2][body] POST https://upload-firebasehosting.googleapis.com/upload/sites/starting-core-website/versions/c5350e0848999cb0/files/1d0cbc080d83f28f0fb711989d4c49883c695076007d963770963b0e2a2ba6e0 [stream]
[debug] [2023-10-23T15:35:09.179Z] <<< [apiv2][status] POST https://upload-firebasehosting.googleapis.com/upload/sites/starting-core-website/versions/c5350e0848999cb0/files/051e0a4876e1ede24a49007a32bfc586b691696a253fd9c366e2a7272d0fd468 200
[debug] [2023-10-23T15:35:09.179Z] <<< [apiv2][body] POST https://upload-firebasehosting.googleapis.com/upload/sites/starting-core-website/versions/c5350e0848999cb0/files/051e0a4876e1ede24a49007a32bfc586b691696a253fd9c366e2a7272d0fd468 [stream]
[debug] [2023-10-23T15:35:09.334Z] <<< [apiv2][status] POST https://upload-firebasehosting.googleapis.com/upload/sites/starting-core-website/versions/c5350e0848999cb0/files/788c47e1be98ed1a3b7294ade07a15bde7bdc2824cd91a424970552084cdcb24 200
[debug] [2023-10-23T15:35:09.334Z] <<< [apiv2][body] POST https://upload-firebasehosting.googleapis.com/upload/sites/starting-core-website/versions/c5350e0848999cb0/files/788c47e1be98ed1a3b7294ade07a15bde7bdc2824cd91a424970552084cdcb24 [stream]
[debug] [2023-10-23T15:35:09.777Z] <<< [apiv2][status] POST https://upload-firebasehosting.googleapis.com/upload/sites/starting-core-website/versions/c5350e0848999cb0/files/d1803005b6fea3a2e71b4f492437029b9c586993fbb6a1ee76592cbdc66669cd 200
[debug] [2023-10-23T15:35:09.777Z] <<< [apiv2][body] POST https://upload-firebasehosting.googleapis.com/upload/sites/starting-core-website/versions/c5350e0848999cb0/files/d1803005b6fea3a2e71b4f492437029b9c586993fbb6a1ee76592cbdc66669cd [stream]
[debug] [2023-10-23T15:35:10.276Z] <<< [apiv2][status] POST https://upload-firebasehosting.googleapis.com/upload/sites/starting-core-website/versions/c5350e0848999cb0/files/b81146ea48413949c07fd3382fa463bb0e2fcb795e6536469e5970bc950551de 200
[debug] [2023-10-23T15:35:10.276Z] <<< [apiv2][body] POST https://upload-firebasehosting.googleapis.com/upload/sites/starting-core-website/versions/c5350e0848999cb0/files/b81146ea48413949c07fd3382fa463bb0e2fcb795e6536469e5970bc950551de [stream]
[debug] [2023-10-23T15:35:10.279Z] <<< [apiv2][status] POST https://upload-firebasehosting.googleapis.com/upload/sites/starting-core-website/versions/c5350e0848999cb0/files/d753d984f70a9a9ef422cf6762c1c0a91ee8754dd9b832e33d7689cb2976f409 200
[debug] [2023-10-23T15:35:10.279Z] <<< [apiv2][body] POST https://upload-firebasehosting.googleapis.com/upload/sites/starting-core-website/versions/c5350e0848999cb0/files/d753d984f70a9a9ef422cf6762c1c0a91ee8754dd9b832e33d7689cb2976f409 [stream]
[debug] [2023-10-23T15:35:10.393Z] <<< [apiv2][status] POST https://upload-firebasehosting.googleapis.com/upload/sites/starting-core-website/versions/c5350e0848999cb0/files/0d0b9de15388489f721b6866c0a54cff9eaf1515f9e43b98041b18aa1cc42828 200
[debug] [2023-10-23T15:35:10.393Z] <<< [apiv2][body] POST https://upload-firebasehosting.googleapis.com/upload/sites/starting-core-website/versions/c5350e0848999cb0/files/0d0b9de15388489f721b6866c0a54cff9eaf1515f9e43b98041b18aa1cc42828 [stream]
[debug] [2023-10-23T15:35:10.542Z] <<< [apiv2][status] POST https://upload-firebasehosting.googleapis.com/upload/sites/starting-core-website/versions/c5350e0848999cb0/files/4a2c7157ae3d21c58bfffc7a7a33a37fa2665199c1d4f347b4ccd414a883f180 200
[debug] [2023-10-23T15:35:10.542Z] <<< [apiv2][body] POST https://upload-firebasehosting.googleapis.com/upload/sites/starting-core-website/versions/c5350e0848999cb0/files/4a2c7157ae3d21c58bfffc7a7a33a37fa2665199c1d4f347b4ccd414a883f180 [stream]
[debug] [2023-10-23T15:35:10.569Z] <<< [apiv2][status] POST https://upload-firebasehosting.googleapis.com/upload/sites/starting-core-website/versions/c5350e0848999cb0/files/1a2bfbb51cb6944d939307001650f059efcb78d481156dbe9e150ea5cfddd0f8 200
[debug] [2023-10-23T15:35:10.569Z] <<< [apiv2][body] POST https://upload-firebasehosting.googleapis.com/upload/sites/starting-core-website/versions/c5350e0848999cb0/files/1a2bfbb51cb6944d939307001650f059efcb78d481156dbe9e150ea5cfddd0f8 [stream]
[debug] [2023-10-23T15:35:11.046Z] <<< [apiv2][status] POST https://upload-firebasehosting.googleapis.com/upload/sites/starting-core-website/versions/c5350e0848999cb0/files/6b1ac278bf0812b3245367c6272cb9eb6119928c4a8cd7c12369c7378db2f004 200
[debug] [2023-10-23T15:35:11.047Z] <<< [apiv2][body] POST https://upload-firebasehosting.googleapis.com/upload/sites/starting-core-website/versions/c5350e0848999cb0/files/6b1ac278bf0812b3245367c6272cb9eb6119928c4a8cd7c12369c7378db2f004 [stream]
[debug] [2023-10-23T15:35:11.192Z] <<< [apiv2][status] POST https://upload-firebasehosting.googleapis.com/upload/sites/starting-core-website/versions/c5350e0848999cb0/files/3931097f4f3955c36e79c3feda4a05cade1efc85e3121a76229e478e1eeefcae 200
[debug] [2023-10-23T15:35:11.192Z] <<< [apiv2][body] POST https://upload-firebasehosting.googleapis.com/upload/sites/starting-core-website/versions/c5350e0848999cb0/files/3931097f4f3955c36e79c3feda4a05cade1efc85e3121a76229e478e1eeefcae [stream]
[debug] [2023-10-23T15:35:11.218Z] <<< [apiv2][status] POST https://upload-firebasehosting.googleapis.com/upload/sites/starting-core-website/versions/c5350e0848999cb0/files/a3800893b5148e122c501c2dc4337cd3ce70abf91479dcefabe2c7024d453f27 200
[debug] [2023-10-23T15:35:11.218Z] <<< [apiv2][body] POST https://upload-firebasehosting.googleapis.com/upload/sites/starting-core-website/versions/c5350e0848999cb0/files/a3800893b5148e122c501c2dc4337cd3ce70abf91479dcefabe2c7024d453f27 [stream]
[debug] [2023-10-23T15:35:11.520Z] <<< [apiv2][status] POST https://upload-firebasehosting.googleapis.com/upload/sites/starting-core-website/versions/c5350e0848999cb0/files/59cc10102261402a723b849d50e2c9c19f0fae8b46a21d5964439033666b39a8 200
[debug] [2023-10-23T15:35:11.520Z] <<< [apiv2][body] POST https://upload-firebasehosting.googleapis.com/upload/sites/starting-core-website/versions/c5350e0848999cb0/files/59cc10102261402a723b849d50e2c9c19f0fae8b46a21d5964439033666b39a8 [stream]
[debug] [2023-10-23T15:35:11.745Z] <<< [apiv2][status] POST https://upload-firebasehosting.googleapis.com/upload/sites/starting-core-website/versions/c5350e0848999cb0/files/ce2ab2ff37f1ad3247ccf3a51bbb70c15bd27ba2459057487c43aadb8f58db79 200
[debug] [2023-10-23T15:35:11.746Z] <<< [apiv2][body] POST https://upload-firebasehosting.googleapis.com/upload/sites/starting-core-website/versions/c5350e0848999cb0/files/ce2ab2ff37f1ad3247ccf3a51bbb70c15bd27ba2459057487c43aadb8f58db79 [stream]
[debug] [2023-10-23T15:35:12.576Z] <<< [apiv2][status] POST https://upload-firebasehosting.googleapis.com/upload/sites/starting-core-website/versions/c5350e0848999cb0/files/94101931546cb9100244643679cd00fe938cf2392b21c22939112e62b7ebcf79 200
[debug] [2023-10-23T15:35:12.576Z] <<< [apiv2][body] POST https://upload-firebasehosting.googleapis.com/upload/sites/starting-core-website/versions/c5350e0848999cb0/files/94101931546cb9100244643679cd00fe938cf2392b21c22939112e62b7ebcf79 [stream]
[debug] [2023-10-23T15:35:15.417Z] <<< [apiv2][status] POST https://upload-firebasehosting.googleapis.com/upload/sites/starting-core-website/versions/c5350e0848999cb0/files/9228b65a9a177923453e7c449ee1a85816434295fb44e1acf666610e80f7de39 200
[debug] [2023-10-23T15:35:15.417Z] <<< [apiv2][body] POST https://upload-firebasehosting.googleapis.com/upload/sites/starting-core-website/versions/c5350e0848999cb0/files/9228b65a9a177923453e7c449ee1a85816434295fb44e1acf666610e80f7de39 [stream]
[debug] [2023-10-23T15:35:15.596Z] <<< [apiv2][status] POST https://upload-firebasehosting.googleapis.com/upload/sites/starting-core-website/versions/c5350e0848999cb0/files/29e5c293545d4b39530fc1a032cfcd0b7ed9407bf312738e8655557fc1653722 200
[debug] [2023-10-23T15:35:15.596Z] <<< [apiv2][body] POST https://upload-firebasehosting.googleapis.com/upload/sites/starting-core-website/versions/c5350e0848999cb0/files/29e5c293545d4b39530fc1a032cfcd0b7ed9407bf312738e8655557fc1653722 [stream]
[debug] [2023-10-23T15:35:16.353Z] <<< [apiv2][status] POST https://upload-firebasehosting.googleapis.com/upload/sites/starting-core-website/versions/c5350e0848999cb0/files/51640b28db89d06afabb99dc641de5ac6672de934135eacbcb389a0e6896adaa 200
[debug] [2023-10-23T15:35:16.353Z] <<< [apiv2][body] POST https://upload-firebasehosting.googleapis.com/upload/sites/starting-core-website/versions/c5350e0848999cb0/files/51640b28db89d06afabb99dc641de5ac6672de934135eacbcb389a0e6896adaa [stream]
[debug] [2023-10-23T15:35:20.718Z] <<< [apiv2][status] POST https://upload-firebasehosting.googleapis.com/upload/sites/starting-core-website/versions/c5350e0848999cb0/files/97af9e95204c10cdc9ab5f2ae8fa88294844961bb2b04905439f400763ba9dd3 200
[debug] [2023-10-23T15:35:20.718Z] <<< [apiv2][body] POST https://upload-firebasehosting.googleapis.com/upload/sites/starting-core-website/versions/c5350e0848999cb0/files/97af9e95204c10cdc9ab5f2ae8fa88294844961bb2b04905439f400763ba9dd3 [stream]
[debug] [2023-10-23T15:35:20.759Z] <<< [apiv2][status] POST https://upload-firebasehosting.googleapis.com/upload/sites/starting-core-website/versions/c5350e0848999cb0/files/b9b9a5371c3fb9fca0ca596a6ad588c182d7c105452cb3cf9af06b0092c3e53a 200
[debug] [2023-10-23T15:35:20.760Z] <<< [apiv2][body] POST https://upload-firebasehosting.googleapis.com/upload/sites/starting-core-website/versions/c5350e0848999cb0/files/b9b9a5371c3fb9fca0ca596a6ad588c182d7c105452cb3cf9af06b0092c3e53a [stream]
[debug] [2023-10-23T15:35:22.181Z] <<< [apiv2][status] POST https://upload-firebasehosting.googleapis.com/upload/sites/starting-core-website/versions/c5350e0848999cb0/files/fb972e3bf4ca2aa1b14b332f69410f12e1b4458b05d0132433f6b9f666118381 200
[debug] [2023-10-23T15:35:22.181Z] <<< [apiv2][body] POST https://upload-firebasehosting.googleapis.com/upload/sites/starting-core-website/versions/c5350e0848999cb0/files/fb972e3bf4ca2aa1b14b332f69410f12e1b4458b05d0132433f6b9f666118381 [stream]
[debug] [2023-10-23T15:35:22.181Z] [hosting][upload queue][FINAL] {"max":16172,"min":2146,"avg":6400.04347826087,"active":0,"complete":23,"success":23,"errored":0,"retried":0,"total":23,"elapsed":16172}
[info] +  hosting[starting-core-website]: file upload complete 
[debug] [2023-10-23T15:35:22.182Z] [hosting] deploy completed after 18681ms
[debug] [2023-10-23T15:35:22.182Z] [
  {
    "config": {
      "public": "build",
      "ignore": [
        "firebase.json",
        "**/.*",
        "**/node_modules/**"
      ],
      "rewrites": [
        {
          "source": "**",
          "destination": "/index.html"
        }
      ],
      "site": "starting-core-website"
    },
    "version": "projects/146646122049/sites/starting-core-website/versions/c5350e0848999cb0"
  }
]
[info] i  hosting[starting-core-website]: finalizing version... 
[debug] [2023-10-23T15:35:22.185Z] >>> [apiv2][query] PATCH https://firebasehosting.googleapis.com/v1beta1/projects/-/sites/starting-core-website/versions/c5350e0848999cb0 updateMask=status%2Cconfig
[debug] [2023-10-23T15:35:22.185Z] >>> [apiv2][body] PATCH https://firebasehosting.googleapis.com/v1beta1/projects/-/sites/starting-core-website/versions/c5350e0848999cb0 {"status":"FINALIZED","config":{"rewrites":[{"glob":"**","path":"/index.html"}]}}
[debug] [2023-10-23T15:35:23.515Z] <<< [apiv2][status] PATCH https://firebasehosting.googleapis.com/v1beta1/projects/-/sites/starting-core-website/versions/c5350e0848999cb0 200
[debug] [2023-10-23T15:35:23.515Z] <<< [apiv2][body] PATCH https://firebasehosting.googleapis.com/v1beta1/projects/-/sites/starting-core-website/versions/c5350e0848999cb0 {"name":"projects/146646122049/sites/starting-core-website/versions/c5350e0848999cb0","status":"FINALIZED","config":{"rewrites":[{"glob":"**","path":"/index.html"}]},"labels":{"deployment-tool":"cli-firebase"},"createTime":"2023-10-23T15:34:45.136404Z","createUser":{"email":"inikiitak@gmail.com"},"finalizeTime":"2023-10-23T15:35:24.727576Z","finalizeUser":{"email":"inikiitak@gmail.com"}}
[debug] [2023-10-23T15:35:23.515Z] [hosting] finalized version for starting-core-website:[object Object]
[info] +  hosting[starting-core-website]: version finalized 
[info] i  hosting[starting-core-website]: releasing new version... 
[debug] [2023-10-23T15:35:23.516Z] >>> [apiv2][query] POST https://firebasehosting.googleapis.com/v1beta1/projects/-/sites/starting-core-website/channels/live/releases versionName=projects%2F146646122049%2Fsites%2Fstarting-core-website%2Fversions%2Fc5350e0848999cb0
[debug] [2023-10-23T15:35:23.516Z] >>> [apiv2][body] POST https://firebasehosting.googleapis.com/v1beta1/projects/-/sites/starting-core-website/channels/live/releases {}
[debug] [2023-10-23T15:35:24.850Z] <<< [apiv2][status] POST https://firebasehosting.googleapis.com/v1beta1/projects/-/sites/starting-core-website/channels/live/releases 200
[debug] [2023-10-23T15:35:24.850Z] <<< [apiv2][body] POST https://firebasehosting.googleapis.com/v1beta1/projects/-/sites/starting-core-website/channels/live/releases {"name":"projects/146646122049/sites/starting-core-website/channels/live/releases/1698075325500000","version":{"name":"projects/146646122049/sites/starting-core-website/versions/c5350e0848999cb0","status":"FINALIZED","config":{"rewrites":[{"glob":"**","path":"/index.html"}]},"labels":{"deployment-tool":"cli-firebase"},"createTime":"2023-10-23T15:34:45.136404Z","createUser":{"email":"inikiitak@gmail.com","imageUrl":"https://lh3.googleusercontent.com/a/ACg8ocI9bKnfEBjfzynbyVAQHAEGku3oE8_SY9CF-_OQMv0T=mo"},"finalizeTime":"2023-10-23T15:35:24.727576Z","finalizeUser":{"email":"inikiitak@gmail.com","imageUrl":"https://lh3.googleusercontent.com/a/ACg8ocI9bKnfEBjfzynbyVAQHAEGku3oE8_SY9CF-_OQMv0T=mo"}},"type":"DEPLOY","releaseTime":"2023-10-23T15:35:25.500Z","releaseUser":{"email":"inikiitak@gmail.com","imageUrl":"https://lh3.googleusercontent.com/a/ACg8ocI9bKnfEBjfzynbyVAQHAEGku3oE8_SY9CF-_OQMv0T=mo"}}
[debug] [2023-10-23T15:35:24.850Z] [hosting] release: {"name":"projects/146646122049/sites/starting-core-website/channels/live/releases/1698075325500000","version":{"name":"projects/146646122049/sites/starting-core-website/versions/c5350e0848999cb0","status":"FINALIZED","config":{"rewrites":[{"glob":"**","path":"/index.html"}]},"labels":{"deployment-tool":"cli-firebase"},"createTime":"2023-10-23T15:34:45.136404Z","createUser":{"email":"inikiitak@gmail.com","imageUrl":"https://lh3.googleusercontent.com/a/ACg8ocI9bKnfEBjfzynbyVAQHAEGku3oE8_SY9CF-_OQMv0T=mo"},"finalizeTime":"2023-10-23T15:35:24.727576Z","finalizeUser":{"email":"inikiitak@gmail.com","imageUrl":"https://lh3.googleusercontent.com/a/ACg8ocI9bKnfEBjfzynbyVAQHAEGku3oE8_SY9CF-_OQMv0T=mo"}},"type":"DEPLOY","releaseTime":"2023-10-23T15:35:25.500Z","releaseUser":{"email":"inikiitak@gmail.com","imageUrl":"https://lh3.googleusercontent.com/a/ACg8ocI9bKnfEBjfzynbyVAQHAEGku3oE8_SY9CF-_OQMv0T=mo"}}
[info] +  hosting[starting-core-website]: release complete 
[info] 
[info] +  Deploy complete! 
[info] 
[info] Project Console: https://console.firebase.google.com/project/starting-core-website/overview
[info] Hosting URL: https://starting-core-website.web.app
[debug] [2023-10-23T15:35:55.938Z] Error: Timed out.
    at Timeout._onTimeout (C:\Users\91844\AppData\Roaming\npm\node_modules\firebase-tools\lib\utils.js:254:49)
    at listOnTimeout (node:internal/timers:569:17)
    at process.processTimers (node:internal/timers:512:7)
[error] 
[error] Error: An unexpected error has occurred.
